2014-08-21, 15:44:54 | DEBUG: peonordersystem.src.PeonOrderSystem.PeonOrderSystem.__init__ : Entering __init__
2014-08-21, 15:44:54 | INFO: Beginning Initialization
2014-08-21, 15:44:54 | DEBUG: __init__ : Entering __init__
2014-08-21, 15:44:54 | DEBUG: peonordersystem.src.interface.Orders.Orders.__init__ : Entering __init__
2014-08-21, 15:44:54 | DEBUG: peonordersystem.src.interface.Orders.Orders._load_data : Entering _load_data
2014-08-21, 15:44:54 | DEBUG: peonordersystem.src.interface.Orders.Orders.load_new_order : Entering load_new_order
2014-08-21, 15:44:54 | DEBUG: peonordersystem.src.interface.Orders.Orders.load_new_order : Exiting load_new_order
2014-08-21, 15:44:54 | DEBUG: peonordersystem.src.interface.Orders.Orders.load_new_order : Entering load_new_order
2014-08-21, 15:44:54 | DEBUG: peonordersystem.src.interface.Orders.Orders.load_new_order : Exiting load_new_order
2014-08-21, 15:44:54 | DEBUG: peonordersystem.src.interface.Orders.Orders._set_model : Entering _set_model
2014-08-21, 15:44:54 | DEBUG: peonordersystem.src.interface.Orders.Orders._set_model : Exiting _set_model
2014-08-21, 15:44:54 | DEBUG: peonordersystem.src.interface.Orders.Orders._load_data : Exiting _load_data
2014-08-21, 15:44:54 | DEBUG: peonordersystem.src.interface.Orders.Orders.__init__ : Exiting __init__
2014-08-21, 15:44:54 | DEBUG: peonordersystem.src.interface.Orders.Orders.get_display_view : Entering get_display_view
2014-08-21, 15:44:54 | DEBUG: peonordersystem.src.interface.Orders.Orders.get_display_view : Exiting get_display_view
2014-08-21, 15:44:54 | DEBUG: peonordersystem.src.interface.UpcomingOrders.UpcomingOrders.__init__ : Entering __init__
2014-08-21, 15:44:54 | DEBUG: peonordersystem.src.interface.UpcomingOrders.UpcomingOrders._load_data : Entering _load_data
2014-08-21, 15:44:54 | DEBUG: peonordersystem.src.interface.UpcomingOrders.UpcomingOrders.add_order : Entering add_order
2014-08-21, 15:44:54 | DEBUG: peonordersystem.src.interface.UpcomingOrders.UpcomingOrders.add_order : Exiting add_order
2014-08-21, 15:44:54 | DEBUG: peonordersystem.src.interface.UpcomingOrders.UpcomingOrders.add_order : Entering add_order
2014-08-21, 15:44:54 | DEBUG: peonordersystem.src.interface.UpcomingOrders.UpcomingOrders.add_order : Exiting add_order
2014-08-21, 15:44:54 | DEBUG: peonordersystem.src.interface.UpcomingOrders.UpcomingOrders._load_data : Exiting _load_data
2014-08-21, 15:44:54 | DEBUG: peonordersystem.src.interface.UpcomingOrders.UpcomingOrders.__init__ : Exiting __init__
2014-08-21, 15:44:54 | DEBUG: peonordersystem.src.interface.Editor.Editor.__init__ : Entering __init__
2014-08-21, 15:44:54 | DEBUG: peonordersystem.src.interface.Editor.Editor.__init__ : Exiting __init__
2014-08-21, 15:44:54 | DEBUG: peonordersystem.src.PeonOrderSystem.PeonOrderSystem.error_checker : Entering error_checker
2014-08-21, 15:44:54 | DEBUG: update_status : Entering update_status
2014-08-21, 15:44:54 | DEBUG: update_status : Exiting update_status
2014-08-21, 15:44:54 | DEBUG: peonordersystem.src.PeonOrderSystem.PeonOrderSystem.error_checker : Exiting error_checker
2014-08-21, 15:44:54 | DEBUG: __init__ : Exiting __init__
2014-08-21, 15:44:54 | INFO: End initialization
2014-08-21, 15:44:54 | DEBUG: peonordersystem.src.PeonOrderSystem.PeonOrderSystem.__init__ : Exiting __init__
2014-08-21, 15:44:54 | DEBUG: peonordersystem.src.PeonOrderSystem.PeonOrderSystem.run : Entering run
2014-08-21, 15:44:58 | DEBUG: peonordersystem.src.PeonOrderSystem.PeonOrderSystem.error_checker : Entering error_checker
2014-08-21, 15:44:58 | DEBUG: update_option_items : Entering update_option_items
2014-08-21, 15:44:58 | DEBUG: peonordersystem.src.PeonOrderSystem.PeonOrderSystem.error_checker : Entering error_checker
2014-08-21, 15:44:58 | DEBUG: update_status : Entering update_status
2014-08-21, 15:44:58 | DEBUG: update_status : Exiting update_status
2014-08-21, 15:44:58 | DEBUG: peonordersystem.src.PeonOrderSystem.PeonOrderSystem.error_checker : Exiting error_checker
2014-08-21, 15:44:58 | DEBUG: peonordersystem.src.interface.Editor.Editor.update_option_items_data : Entering update_option_items_data
2014-08-21, 15:45:14 | DEBUG: peonordersystem.src.PeonOrderSystem.PeonOrderSystem.error_checker : Entering error_checker
2014-08-21, 15:45:14 | DEBUG: dump_updated_option_data : Entering dump_updated_option_data
2014-08-21, 15:45:14 | DEBUG: dump_updated_option_data : Exiting dump_updated_option_data
2014-08-21, 15:45:14 | DEBUG: peonordersystem.src.PeonOrderSystem.PeonOrderSystem.error_checker : Exiting error_checker
2014-08-21, 15:45:14 | DEBUG: peonordersystem.src.interface.Editor.Editor.update_option_items_data : Exiting update_option_items_data
2014-08-21, 15:45:14 | DEBUG: peonordersystem.src.PeonOrderSystem.PeonOrderSystem.error_checker : Entering error_checker
2014-08-21, 15:45:14 | DEBUG: update_status : Entering update_status
2014-08-21, 15:45:14 | DEBUG: update_status : Exiting update_status
2014-08-21, 15:45:14 | DEBUG: peonordersystem.src.PeonOrderSystem.PeonOrderSystem.error_checker : Exiting error_checker
2014-08-21, 15:45:14 | DEBUG: update_option_items : Exiting update_option_items
2014-08-21, 15:45:14 | DEBUG: peonordersystem.src.PeonOrderSystem.PeonOrderSystem.error_checker : Exiting error_checker
2014-08-21, 15:45:15 | DEBUG: peonordersystem.src.PeonOrderSystem.PeonOrderSystem.error_checker : Entering error_checker
2014-08-21, 15:45:15 | DEBUG: run_warning_dialog : Entering run_warning_dialog
2014-08-21, 15:45:16 | DEBUG: run_warning_dialog : Exiting run_warning_dialog
2014-08-21, 15:45:16 | DEBUG: peonordersystem.src.PeonOrderSystem.PeonOrderSystem.error_checker : Exiting error_checker
2014-08-21, 15:45:16 | DEBUG: peonordersystem.src.PeonOrderSystem.PeonOrderSystem.run : Exiting run
2014-08-21, 15:45:17 | DEBUG: peonordersystem.src.PeonOrderSystem.PeonOrderSystem.__init__ : Entering __init__
2014-08-21, 15:45:17 | INFO: Beginning Initialization
2014-08-21, 15:45:17 | DEBUG: __init__ : Entering __init__
2014-08-21, 15:45:17 | DEBUG: peonordersystem.src.interface.Orders.Orders.__init__ : Entering __init__
2014-08-21, 15:45:17 | DEBUG: peonordersystem.src.interface.Orders.Orders._load_data : Entering _load_data
2014-08-21, 15:45:17 | DEBUG: peonordersystem.src.interface.Orders.Orders.load_new_order : Entering load_new_order
2014-08-21, 15:45:17 | DEBUG: peonordersystem.src.interface.Orders.Orders.load_new_order : Exiting load_new_order
2014-08-21, 15:45:17 | DEBUG: peonordersystem.src.interface.Orders.Orders.load_new_order : Entering load_new_order
2014-08-21, 15:45:17 | DEBUG: peonordersystem.src.interface.Orders.Orders.load_new_order : Exiting load_new_order
2014-08-21, 15:45:17 | DEBUG: peonordersystem.src.interface.Orders.Orders._set_model : Entering _set_model
2014-08-21, 15:45:17 | DEBUG: peonordersystem.src.interface.Orders.Orders._set_model : Exiting _set_model
2014-08-21, 15:45:17 | DEBUG: peonordersystem.src.interface.Orders.Orders._load_data : Exiting _load_data
2014-08-21, 15:45:17 | DEBUG: peonordersystem.src.interface.Orders.Orders.__init__ : Exiting __init__
2014-08-21, 15:45:17 | DEBUG: peonordersystem.src.interface.Orders.Orders.get_display_view : Entering get_display_view
2014-08-21, 15:45:17 | DEBUG: peonordersystem.src.interface.Orders.Orders.get_display_view : Exiting get_display_view
2014-08-21, 15:45:17 | DEBUG: peonordersystem.src.interface.UpcomingOrders.UpcomingOrders.__init__ : Entering __init__
2014-08-21, 15:45:17 | DEBUG: peonordersystem.src.interface.UpcomingOrders.UpcomingOrders._load_data : Entering _load_data
2014-08-21, 15:45:17 | DEBUG: peonordersystem.src.interface.UpcomingOrders.UpcomingOrders.add_order : Entering add_order
2014-08-21, 15:45:17 | DEBUG: peonordersystem.src.interface.UpcomingOrders.UpcomingOrders.add_order : Exiting add_order
2014-08-21, 15:45:17 | DEBUG: peonordersystem.src.interface.UpcomingOrders.UpcomingOrders.add_order : Entering add_order
2014-08-21, 15:45:17 | DEBUG: peonordersystem.src.interface.UpcomingOrders.UpcomingOrders.add_order : Exiting add_order
2014-08-21, 15:45:17 | DEBUG: peonordersystem.src.interface.UpcomingOrders.UpcomingOrders._load_data : Exiting _load_data
2014-08-21, 15:45:17 | DEBUG: peonordersystem.src.interface.UpcomingOrders.UpcomingOrders.__init__ : Exiting __init__
2014-08-21, 15:45:17 | DEBUG: peonordersystem.src.interface.Editor.Editor.__init__ : Entering __init__
2014-08-21, 15:45:17 | DEBUG: peonordersystem.src.interface.Editor.Editor.__init__ : Exiting __init__
2014-08-21, 15:45:17 | DEBUG: peonordersystem.src.PeonOrderSystem.PeonOrderSystem.error_checker : Entering error_checker
2014-08-21, 15:45:17 | DEBUG: update_status : Entering update_status
2014-08-21, 15:45:17 | DEBUG: update_status : Exiting update_status
2014-08-21, 15:45:17 | DEBUG: peonordersystem.src.PeonOrderSystem.PeonOrderSystem.error_checker : Exiting error_checker
2014-08-21, 15:45:17 | DEBUG: __init__ : Exiting __init__
2014-08-21, 15:45:17 | INFO: End initialization
2014-08-21, 15:45:17 | DEBUG: peonordersystem.src.PeonOrderSystem.PeonOrderSystem.__init__ : Exiting __init__
2014-08-21, 15:45:17 | DEBUG: peonordersystem.src.PeonOrderSystem.PeonOrderSystem.run : Entering run
2014-08-21, 15:45:22 | DEBUG: peonordersystem.src.PeonOrderSystem.PeonOrderSystem.error_checker : Entering error_checker
2014-08-21, 15:45:22 | DEBUG: update_option_items : Entering update_option_items
2014-08-21, 15:45:22 | DEBUG: peonordersystem.src.PeonOrderSystem.PeonOrderSystem.error_checker : Entering error_checker
2014-08-21, 15:45:22 | DEBUG: update_status : Entering update_status
2014-08-21, 15:45:22 | DEBUG: update_status : Exiting update_status
2014-08-21, 15:45:22 | DEBUG: peonordersystem.src.PeonOrderSystem.PeonOrderSystem.error_checker : Exiting error_checker
2014-08-21, 15:45:22 | DEBUG: peonordersystem.src.interface.Editor.Editor.update_option_items_data : Entering update_option_items_data
2014-08-21, 15:45:50 | DEBUG: peonordersystem.src.PeonOrderSystem.PeonOrderSystem.error_checker : Entering error_checker
2014-08-21, 15:45:50 | DEBUG: dump_updated_option_data : Entering dump_updated_option_data
2014-08-21, 15:45:50 | DEBUG: dump_updated_option_data : Exiting dump_updated_option_data
2014-08-21, 15:45:50 | DEBUG: peonordersystem.src.PeonOrderSystem.PeonOrderSystem.error_checker : Exiting error_checker
2014-08-21, 15:45:50 | DEBUG: peonordersystem.src.interface.Editor.Editor.update_option_items_data : Exiting update_option_items_data
2014-08-21, 15:45:50 | DEBUG: peonordersystem.src.PeonOrderSystem.PeonOrderSystem.error_checker : Entering error_checker
2014-08-21, 15:45:50 | DEBUG: update_status : Entering update_status
2014-08-21, 15:45:50 | DEBUG: update_status : Exiting update_status
2014-08-21, 15:45:50 | DEBUG: peonordersystem.src.PeonOrderSystem.PeonOrderSystem.error_checker : Exiting error_checker
2014-08-21, 15:45:50 | DEBUG: update_option_items : Exiting update_option_items
2014-08-21, 15:45:50 | DEBUG: peonordersystem.src.PeonOrderSystem.PeonOrderSystem.error_checker : Exiting error_checker
2014-08-21, 15:45:51 | DEBUG: peonordersystem.src.PeonOrderSystem.PeonOrderSystem.error_checker : Entering error_checker
2014-08-21, 15:45:51 | DEBUG: run_warning_dialog : Entering run_warning_dialog
2014-08-21, 15:45:52 | DEBUG: run_warning_dialog : Exiting run_warning_dialog
2014-08-21, 15:45:52 | DEBUG: peonordersystem.src.PeonOrderSystem.PeonOrderSystem.error_checker : Exiting error_checker
2014-08-21, 15:45:52 | DEBUG: peonordersystem.src.PeonOrderSystem.PeonOrderSystem.run : Exiting run
2014-08-21, 15:45:53 | DEBUG: peonordersystem.src.PeonOrderSystem.PeonOrderSystem.__init__ : Entering __init__
2014-08-21, 15:45:53 | INFO: Beginning Initialization
2014-08-21, 15:45:53 | DEBUG: __init__ : Entering __init__
2014-08-21, 15:45:53 | DEBUG: peonordersystem.src.interface.Orders.Orders.__init__ : Entering __init__
2014-08-21, 15:45:53 | DEBUG: peonordersystem.src.interface.Orders.Orders._load_data : Entering _load_data
2014-08-21, 15:45:53 | DEBUG: peonordersystem.src.interface.Orders.Orders.load_new_order : Entering load_new_order
2014-08-21, 15:45:53 | DEBUG: peonordersystem.src.interface.Orders.Orders.load_new_order : Exiting load_new_order
2014-08-21, 15:45:53 | DEBUG: peonordersystem.src.interface.Orders.Orders.load_new_order : Entering load_new_order
2014-08-21, 15:45:53 | DEBUG: peonordersystem.src.interface.Orders.Orders.load_new_order : Exiting load_new_order
2014-08-21, 15:45:53 | DEBUG: peonordersystem.src.interface.Orders.Orders._set_model : Entering _set_model
2014-08-21, 15:45:53 | DEBUG: peonordersystem.src.interface.Orders.Orders._set_model : Exiting _set_model
2014-08-21, 15:45:53 | DEBUG: peonordersystem.src.interface.Orders.Orders._load_data : Exiting _load_data
2014-08-21, 15:45:53 | DEBUG: peonordersystem.src.interface.Orders.Orders.__init__ : Exiting __init__
2014-08-21, 15:45:53 | DEBUG: peonordersystem.src.interface.Orders.Orders.get_display_view : Entering get_display_view
2014-08-21, 15:45:53 | DEBUG: peonordersystem.src.interface.Orders.Orders.get_display_view : Exiting get_display_view
2014-08-21, 15:45:53 | DEBUG: peonordersystem.src.interface.UpcomingOrders.UpcomingOrders.__init__ : Entering __init__
2014-08-21, 15:45:53 | DEBUG: peonordersystem.src.interface.UpcomingOrders.UpcomingOrders._load_data : Entering _load_data
2014-08-21, 15:45:53 | DEBUG: peonordersystem.src.interface.UpcomingOrders.UpcomingOrders.add_order : Entering add_order
2014-08-21, 15:45:53 | DEBUG: peonordersystem.src.interface.UpcomingOrders.UpcomingOrders.add_order : Exiting add_order
2014-08-21, 15:45:53 | DEBUG: peonordersystem.src.interface.UpcomingOrders.UpcomingOrders.add_order : Entering add_order
2014-08-21, 15:45:53 | DEBUG: peonordersystem.src.interface.UpcomingOrders.UpcomingOrders.add_order : Exiting add_order
2014-08-21, 15:45:53 | DEBUG: peonordersystem.src.interface.UpcomingOrders.UpcomingOrders._load_data : Exiting _load_data
2014-08-21, 15:45:53 | DEBUG: peonordersystem.src.interface.UpcomingOrders.UpcomingOrders.__init__ : Exiting __init__
2014-08-21, 15:45:53 | DEBUG: peonordersystem.src.interface.Editor.Editor.__init__ : Entering __init__
2014-08-21, 15:45:53 | DEBUG: peonordersystem.src.interface.Editor.Editor.__init__ : Exiting __init__
2014-08-21, 15:45:53 | DEBUG: peonordersystem.src.PeonOrderSystem.PeonOrderSystem.error_checker : Entering error_checker
2014-08-21, 15:45:53 | DEBUG: update_status : Entering update_status
2014-08-21, 15:45:53 | DEBUG: update_status : Exiting update_status
2014-08-21, 15:45:53 | DEBUG: peonordersystem.src.PeonOrderSystem.PeonOrderSystem.error_checker : Exiting error_checker
2014-08-21, 15:45:53 | DEBUG: __init__ : Exiting __init__
2014-08-21, 15:45:53 | INFO: End initialization
2014-08-21, 15:45:53 | DEBUG: peonordersystem.src.PeonOrderSystem.PeonOrderSystem.__init__ : Exiting __init__
2014-08-21, 15:45:53 | DEBUG: peonordersystem.src.PeonOrderSystem.PeonOrderSystem.run : Entering run
2014-08-21, 15:45:56 | DEBUG: peonordersystem.src.PeonOrderSystem.PeonOrderSystem.error_checker : Entering error_checker
2014-08-21, 15:45:56 | DEBUG: update_option_items : Entering update_option_items
2014-08-21, 15:45:56 | DEBUG: peonordersystem.src.PeonOrderSystem.PeonOrderSystem.error_checker : Entering error_checker
2014-08-21, 15:45:56 | DEBUG: update_status : Entering update_status
2014-08-21, 15:45:56 | DEBUG: update_status : Exiting update_status
2014-08-21, 15:45:56 | DEBUG: peonordersystem.src.PeonOrderSystem.PeonOrderSystem.error_checker : Exiting error_checker
2014-08-21, 15:45:56 | DEBUG: peonordersystem.src.interface.Editor.Editor.update_option_items_data : Entering update_option_items_data
2014-08-21, 15:46:15 | DEBUG: peonordersystem.src.PeonOrderSystem.PeonOrderSystem.error_checker : Entering error_checker
2014-08-21, 15:46:15 | DEBUG: dump_updated_option_data : Entering dump_updated_option_data
2014-08-21, 15:46:15 | DEBUG: dump_updated_option_data : Exiting dump_updated_option_data
2014-08-21, 15:46:15 | DEBUG: peonordersystem.src.PeonOrderSystem.PeonOrderSystem.error_checker : Exiting error_checker
2014-08-21, 15:46:15 | DEBUG: peonordersystem.src.interface.Editor.Editor.update_option_items_data : Exiting update_option_items_data
2014-08-21, 15:46:15 | DEBUG: peonordersystem.src.PeonOrderSystem.PeonOrderSystem.error_checker : Entering error_checker
2014-08-21, 15:46:15 | DEBUG: update_status : Entering update_status
2014-08-21, 15:46:15 | DEBUG: update_status : Exiting update_status
2014-08-21, 15:46:15 | DEBUG: peonordersystem.src.PeonOrderSystem.PeonOrderSystem.error_checker : Exiting error_checker
2014-08-21, 15:46:15 | DEBUG: update_option_items : Exiting update_option_items
2014-08-21, 15:46:15 | DEBUG: peonordersystem.src.PeonOrderSystem.PeonOrderSystem.error_checker : Exiting error_checker
2014-08-21, 15:46:16 | DEBUG: peonordersystem.src.PeonOrderSystem.PeonOrderSystem.error_checker : Entering error_checker
2014-08-21, 15:46:16 | DEBUG: run_warning_dialog : Entering run_warning_dialog
2014-08-21, 15:46:25 | DEBUG: run_warning_dialog : Exiting run_warning_dialog
2014-08-21, 15:46:25 | DEBUG: peonordersystem.src.PeonOrderSystem.PeonOrderSystem.error_checker : Exiting error_checker
2014-08-21, 15:46:25 | DEBUG: peonordersystem.src.PeonOrderSystem.PeonOrderSystem.run : Exiting run
2014-08-21, 15:46:27 | DEBUG: peonordersystem.src.PeonOrderSystem.PeonOrderSystem.__init__ : Entering __init__
2014-08-21, 15:46:27 | INFO: Beginning Initialization
2014-08-21, 15:46:27 | DEBUG: __init__ : Entering __init__
2014-08-21, 15:46:27 | DEBUG: peonordersystem.src.interface.Orders.Orders.__init__ : Entering __init__
2014-08-21, 15:46:27 | DEBUG: peonordersystem.src.interface.Orders.Orders._load_data : Entering _load_data
2014-08-21, 15:46:27 | DEBUG: peonordersystem.src.interface.Orders.Orders.load_new_order : Entering load_new_order
2014-08-21, 15:46:27 | DEBUG: peonordersystem.src.interface.Orders.Orders.load_new_order : Exiting load_new_order
2014-08-21, 15:46:27 | DEBUG: peonordersystem.src.interface.Orders.Orders.load_new_order : Entering load_new_order
2014-08-21, 15:46:27 | DEBUG: peonordersystem.src.interface.Orders.Orders.load_new_order : Exiting load_new_order
2014-08-21, 15:46:27 | DEBUG: peonordersystem.src.interface.Orders.Orders._set_model : Entering _set_model
2014-08-21, 15:46:27 | DEBUG: peonordersystem.src.interface.Orders.Orders._set_model : Exiting _set_model
2014-08-21, 15:46:27 | DEBUG: peonordersystem.src.interface.Orders.Orders._load_data : Exiting _load_data
2014-08-21, 15:46:27 | DEBUG: peonordersystem.src.interface.Orders.Orders.__init__ : Exiting __init__
2014-08-21, 15:46:27 | DEBUG: peonordersystem.src.interface.Orders.Orders.get_display_view : Entering get_display_view
2014-08-21, 15:46:27 | DEBUG: peonordersystem.src.interface.Orders.Orders.get_display_view : Exiting get_display_view
2014-08-21, 15:46:27 | DEBUG: peonordersystem.src.interface.UpcomingOrders.UpcomingOrders.__init__ : Entering __init__
2014-08-21, 15:46:27 | DEBUG: peonordersystem.src.interface.UpcomingOrders.UpcomingOrders._load_data : Entering _load_data
2014-08-21, 15:46:27 | DEBUG: peonordersystem.src.interface.UpcomingOrders.UpcomingOrders.add_order : Entering add_order
2014-08-21, 15:46:27 | DEBUG: peonordersystem.src.interface.UpcomingOrders.UpcomingOrders.add_order : Exiting add_order
2014-08-21, 15:46:27 | DEBUG: peonordersystem.src.interface.UpcomingOrders.UpcomingOrders.add_order : Entering add_order
2014-08-21, 15:46:27 | DEBUG: peonordersystem.src.interface.UpcomingOrders.UpcomingOrders.add_order : Exiting add_order
2014-08-21, 15:46:27 | DEBUG: peonordersystem.src.interface.UpcomingOrders.UpcomingOrders._load_data : Exiting _load_data
2014-08-21, 15:46:27 | DEBUG: peonordersystem.src.interface.UpcomingOrders.UpcomingOrders.__init__ : Exiting __init__
2014-08-21, 15:46:27 | DEBUG: peonordersystem.src.interface.Editor.Editor.__init__ : Entering __init__
2014-08-21, 15:46:27 | DEBUG: peonordersystem.src.interface.Editor.Editor.__init__ : Exiting __init__
2014-08-21, 15:46:27 | DEBUG: peonordersystem.src.PeonOrderSystem.PeonOrderSystem.error_checker : Entering error_checker
2014-08-21, 15:46:27 | DEBUG: update_status : Entering update_status
2014-08-21, 15:46:27 | DEBUG: update_status : Exiting update_status
2014-08-21, 15:46:27 | DEBUG: peonordersystem.src.PeonOrderSystem.PeonOrderSystem.error_checker : Exiting error_checker
2014-08-21, 15:46:27 | DEBUG: __init__ : Exiting __init__
2014-08-21, 15:46:27 | INFO: End initialization
2014-08-21, 15:46:27 | DEBUG: peonordersystem.src.PeonOrderSystem.PeonOrderSystem.__init__ : Exiting __init__
2014-08-21, 15:46:27 | DEBUG: peonordersystem.src.PeonOrderSystem.PeonOrderSystem.run : Entering run
2014-08-21, 15:46:31 | DEBUG: peonordersystem.src.PeonOrderSystem.PeonOrderSystem.error_checker : Entering error_checker
2014-08-21, 15:46:31 | DEBUG: update_option_items : Entering update_option_items
2014-08-21, 15:46:31 | DEBUG: peonordersystem.src.PeonOrderSystem.PeonOrderSystem.error_checker : Entering error_checker
2014-08-21, 15:46:31 | DEBUG: update_status : Entering update_status
2014-08-21, 15:46:31 | DEBUG: update_status : Exiting update_status
2014-08-21, 15:46:31 | DEBUG: peonordersystem.src.PeonOrderSystem.PeonOrderSystem.error_checker : Exiting error_checker
2014-08-21, 15:46:31 | DEBUG: peonordersystem.src.interface.Editor.Editor.update_option_items_data : Entering update_option_items_data
2014-08-21, 15:46:33 | DEBUG: peonordersystem.src.interface.Editor.Editor.update_option_items_data : Exiting update_option_items_data
2014-08-21, 15:46:33 | DEBUG: peonordersystem.src.PeonOrderSystem.PeonOrderSystem.error_checker : Entering error_checker
2014-08-21, 15:46:33 | DEBUG: update_status : Entering update_status
2014-08-21, 15:46:33 | DEBUG: update_status : Exiting update_status
2014-08-21, 15:46:33 | DEBUG: peonordersystem.src.PeonOrderSystem.PeonOrderSystem.error_checker : Exiting error_checker
2014-08-21, 15:46:33 | DEBUG: update_option_items : Exiting update_option_items
2014-08-21, 15:46:33 | DEBUG: peonordersystem.src.PeonOrderSystem.PeonOrderSystem.error_checker : Exiting error_checker
2014-08-21, 15:46:34 | DEBUG: peonordersystem.src.PeonOrderSystem.PeonOrderSystem.error_checker : Entering error_checker
2014-08-21, 15:46:34 | DEBUG: run_warning_dialog : Entering run_warning_dialog
2014-08-21, 15:46:35 | DEBUG: run_warning_dialog : Exiting run_warning_dialog
2014-08-21, 15:46:35 | DEBUG: peonordersystem.src.PeonOrderSystem.PeonOrderSystem.error_checker : Exiting error_checker
2014-08-21, 15:46:35 | DEBUG: peonordersystem.src.PeonOrderSystem.PeonOrderSystem.run : Exiting run
